2015:05:26 11:55:56 AM:  (0.000) SELECT `location_city`.`city_name` FROM `location_city` INNER JOIN `location_city_labeled_zones` ON (`location_city`.`id` = `location_city_labeled_zones`.`city_id`) INNER JOIN `location_zone` ON (`location_city_labeled_zones`.`zone_id` = `location_zone`.`id`) WHERE (`location_zone`.`location_type` = 1  AND `location_zone`.`label_id` = 1 ); args=(1, 1)
2015:05:26 11:55:56 AM:  (0.000) SELECT `location_city`.`id`, `location_city`.`city_name`, `location_city`.`city_shortcode`, `location_city`.`state_id`, `location_city`.`zone_id`, `location_city`.`region_id` FROM `location_city`; args=()
2015:05:26 11:55:56 AM:  (0.000) SELECT (1) AS `a` FROM `location_zone` INNER JOIN `location_city_labeled_zones` ON (`location_zone`.`id` = `location_city_labeled_zones`.`zone_id`) WHERE (`location_city_labeled_zones`.`city_id` = 1  AND `location_zone`.`location_type` = 1 ) LIMIT 1; args=(1, 1)
2015:05:26 11:55:56 AM:  (0.000) SELECT (1) AS `a` FROM `location_zone` INNER JOIN `location_city_labeled_zones` ON (`location_zone`.`id` = `location_city_labeled_zones`.`zone_id`) WHERE (`location_city_labeled_zones`.`city_id` = 2  AND `location_zone`.`location_type` = 1 ) LIMIT 1; args=(2, 1)
2015:05:26 11:55:56 AM:  (0.000) SELECT (1) AS `a` FROM `location_zone` INNER JOIN `location_city_labeled_zones` ON (`location_zone`.`id` = `location_city_labeled_zones`.`zone_id`) WHERE (`location_city_labeled_zones`.`city_id` = 3  AND `location_zone`.`location_type` = 1 ) LIMIT 1; args=(3, 1)
2015:05:26 11:55:56 AM:  (0.000) SELECT (1) AS `a` FROM `location_zone` INNER JOIN `location_city_labeled_zones` ON (`location_zone`.`id` = `location_city_labeled_zones`.`zone_id`) WHERE (`location_city_labeled_zones`.`city_id` = 4  AND `location_zone`.`location_type` = 1 ) LIMIT 1; args=(4, 1)
2015:05:26 11:55:56 AM:  (0.000) SELECT (1) AS `a` FROM `location_zone` INNER JOIN `location_city_labeled_zones` ON (`location_zone`.`id` = `location_city_labeled_zones`.`zone_id`) WHERE (`location_city_labeled_zones`.`city_id` = 5  AND `location_zone`.`location_type` = 1 ) LIMIT 1; args=(5, 1)
2015:05:26 11:55:56 AM:  (0.000) SELECT (1) AS `a` FROM `location_zone` INNER JOIN `location_city_labeled_zones` ON (`location_zone`.`id` = `location_city_labeled_zones`.`zone_id`) WHERE (`location_city_labeled_zones`.`city_id` = 6  AND `location_zone`.`location_type` = 1 ) LIMIT 1; args=(6, 1)
2015:05:26 11:55:56 AM:  (0.000) SELECT (1) AS `a` FROM `location_zone` INNER JOIN `location_city_labeled_zones` ON (`location_zone`.`id` = `location_city_labeled_zones`.`zone_id`) WHERE (`location_city_labeled_zones`.`city_id` = 7  AND `location_zone`.`location_type` = 1 ) LIMIT 1; args=(7, 1)
2015:05:26 11:55:56 AM:  (0.000) SELECT (1) AS `a` FROM `location_zone` INNER JOIN `location_city_labeled_zones` ON (`location_zone`.`id` = `location_city_labeled_zones`.`zone_id`) WHERE (`location_city_labeled_zones`.`city_id` = 8  AND `location_zone`.`location_type` = 1 ) LIMIT 1; args=(8, 1)
2015:05:26 11:55:56 AM:  (0.000) SELECT (1) AS `a` FROM `location_zone` INNER JOIN `location_city_labeled_zones` ON (`location_zone`.`id` = `location_city_labeled_zones`.`zone_id`) WHERE (`location_city_labeled_zones`.`city_id` = 9  AND `location_zone`.`location_type` = 1 ) LIMIT 1; args=(9, 1)
2015:05:26 11:55:56 AM:  (0.000) SELECT (1) AS `a` FROM `location_zone` INNER JOIN `location_city_labeled_zones` ON (`location_zone`.`id` = `location_city_labeled_zones`.`zone_id`) WHERE (`location_city_labeled_zones`.`city_id` = 10  AND `location_zone`.`location_type` = 1 ) LIMIT 1; args=(10, 1)
2015:05:26 11:55:56 AM:  (0.000) SELECT (1) AS `a` FROM `location_zone` INNER JOIN `location_city_labeled_zones` ON (`location_zone`.`id` = `location_city_labeled_zones`.`zone_id`) WHERE (`location_city_labeled_zones`.`city_id` = 11  AND `location_zone`.`location_type` = 1 ) LIMIT 1; args=(11, 1)
2015:05:26 11:55:56 AM:  (0.000) SELECT (1) AS `a` FROM `location_zone` INNER JOIN `location_city_labeled_zones` ON (`location_zone`.`id` = `location_city_labeled_zones`.`zone_id`) WHERE (`location_city_labeled_zones`.`city_id` = 12  AND `location_zone`.`location_type` = 1 ) LIMIT 1; args=(12, 1)
2015:05:26 11:55:56 AM:  (0.000) SELECT (1) AS `a` FROM `location_zone` INNER JOIN `location_city_labeled_zones` ON (`location_zone`.`id` = `location_city_labeled_zones`.`zone_id`) WHERE (`location_city_labeled_zones`.`city_id` = 13  AND `location_zone`.`location_type` = 1 ) LIMIT 1; args=(13, 1)
2015:05:26 11:55:56 AM:  (0.000) SELECT (1) AS `a` FROM `location_zone` INNER JOIN `location_city_labeled_zones` ON (`location_zone`.`id` = `location_city_labeled_zones`.`zone_id`) WHERE (`location_city_labeled_zones`.`city_id` = 14  AND `location_zone`.`location_type` = 1 ) LIMIT 1; args=(14, 1)
2015:05:26 11:55:56 AM:  (0.000) SELECT (1) AS `a` FROM `location_zone` INNER JOIN `location_city_labeled_zones` ON (`location_zone`.`id` = `location_city_labeled_zones`.`zone_id`) WHERE (`location_city_labeled_zones`.`city_id` = 15  AND `location_zone`.`location_type` = 1 ) LIMIT 1; args=(15, 1)
2015:05:26 11:55:56 AM:  (0.000) SELECT (1) AS `a` FROM `location_zone` INNER JOIN `location_city_labeled_zones` ON (`location_zone`.`id` = `location_city_labeled_zones`.`zone_id`) WHERE (`location_city_labeled_zones`.`city_id` = 16  AND `location_zone`.`location_type` = 1 ) LIMIT 1; args=(16, 1)
2015:05:26 11:55:56 AM:  (0.000) SELECT (1) AS `a` FROM `location_zone` INNER JOIN `location_city_labeled_zones` ON (`location_zone`.`id` = `location_city_labeled_zones`.`zone_id`) WHERE (`location_city_labeled_zones`.`city_id` = 17  AND `location_zone`.`location_type` = 1 ) LIMIT 1; args=(17, 1)
2015:05:26 11:55:56 AM:  (0.000) SELECT (1) AS `a` FROM `location_zone` INNER JOIN `location_city_labeled_zones` ON (`location_zone`.`id` = `location_city_labeled_zones`.`zone_id`) WHERE (`location_city_labeled_zones`.`city_id` = 18  AND `location_zone`.`location_type` = 1 ) LIMIT 1; args=(18, 1)
2015:05:26 11:55:56 AM:  (0.000) SELECT (1) AS `a` FROM `location_zone` INNER JOIN `location_city_labeled_zones` ON (`location_zone`.`id` = `location_city_labeled_zones`.`zone_id`) WHERE (`location_city_labeled_zones`.`city_id` = 19  AND `location_zone`.`location_type` = 1 ) LIMIT 1; args=(19, 1)
2015:05:26 11:55:56 AM:  (0.000) SELECT (1) AS `a` FROM `location_zone` INNER JOIN `location_city_labeled_zones` ON (`location_zone`.`id` = `location_city_labeled_zones`.`zone_id`) WHERE (`location_city_labeled_zones`.`city_id` = 20  AND `location_zone`.`location_type` = 1 ) LIMIT 1; args=(20, 1)
2015:05:26 11:55:56 AM:  (0.000) SELECT (1) AS `a` FROM `location_zone` INNER JOIN `location_city_labeled_zones` ON (`location_zone`.`id` = `location_city_labeled_zones`.`zone_id`) WHERE (`location_city_labeled_zones`.`city_id` = 21  AND `location_zone`.`location_type` = 1 ) LIMIT 1; args=(21, 1)
2015:05:26 11:55:56 AM:  (0.000) SELECT (1) AS `a` FROM `location_zone` INNER JOIN `location_city_labeled_zones` ON (`location_zone`.`id` = `location_city_labeled_zones`.`zone_id`) WHERE (`location_city_labeled_zones`.`city_id` = 22  AND `location_zone`.`location_type` = 1 ) LIMIT 1; args=(22, 1)
2015:05:26 11:55:56 AM:  (0.000) SELECT (1) AS `a` FROM `location_zone` INNER JOIN `location_city_labeled_zones` ON (`location_zone`.`id` = `location_city_labeled_zones`.`zone_id`) WHERE (`location_city_labeled_zones`.`city_id` = 23  AND `location_zone`.`location_type` = 1 ) LIMIT 1; args=(23, 1)
2015:05:26 11:55:56 AM:  (0.000) SELECT (1) AS `a` FROM `location_zone` INNER JOIN `location_city_labeled_zones` ON (`location_zone`.`id` = `location_city_labeled_zones`.`zone_id`) WHERE (`location_city_labeled_zones`.`city_id` = 24  AND `location_zone`.`location_type` = 1 ) LIMIT 1; args=(24, 1)
2015:05:26 11:55:56 AM:  (0.000) SELECT (1) AS `a` FROM `location_zone` INNER JOIN `location_city_labeled_zones` ON (`location_zone`.`id` = `location_city_labeled_zones`.`zone_id`) WHERE (`location_city_labeled_zones`.`city_id` = 25  AND `location_zone`.`location_type` = 1 ) LIMIT 1; args=(25, 1)
2015:05:26 11:55:56 AM:  (0.000) SELECT (1) AS `a` FROM `location_zone` INNER JOIN `location_city_labeled_zones` ON (`location_zone`.`id` = `location_city_labeled_zones`.`zone_id`) WHERE (`location_city_labeled_zones`.`city_id` = 26  AND `location_zone`.`location_type` = 1 ) LIMIT 1; args=(26, 1)
2015:05:26 11:55:56 AM:  (0.000) SELECT (1) AS `a` FROM `location_zone` INNER JOIN `location_city_labeled_zones` ON (`location_zone`.`id` = `location_city_labeled_zones`.`zone_id`) WHERE (`location_city_labeled_zones`.`city_id` = 27  AND `location_zone`.`location_type` = 1 ) LIMIT 1; args=(27, 1)
2015:05:26 11:55:56 AM:  (0.000) SELECT (1) AS `a` FROM `location_zone` INNER JOIN `location_city_labeled_zones` ON (`location_zone`.`id` = `location_city_labeled_zones`.`zone_id`) WHERE (`location_city_labeled_zones`.`city_id` = 28  AND `location_zone`.`location_type` = 1 ) LIMIT 1; args=(28, 1)
2015:05:26 11:55:56 AM:  (0.000) SELECT (1) AS `a` FROM `location_zone` INNER JOIN `location_city_labeled_zones` ON (`location_zone`.`id` = `location_city_labeled_zones`.`zone_id`) WHERE (`location_city_labeled_zones`.`city_id` = 29  AND `location_zone`.`location_type` = 1 ) LIMIT 1; args=(29, 1)
2015:05:26 11:55:56 AM:  (0.000) SELECT (1) AS `a` FROM `location_zone` INNER JOIN `location_city_labeled_zones` ON (`location_zone`.`id` = `location_city_labeled_zones`.`zone_id`) WHERE (`location_city_labeled_zones`.`city_id` = 30  AND `location_zone`.`location_type` = 1 ) LIMIT 1; args=(30, 1)
2015:05:26 11:55:56 AM:  (0.000) SELECT (1) AS `a` FROM `location_zone` INNER JOIN `location_city_labeled_zones` ON (`location_zone`.`id` = `location_city_labeled_zones`.`zone_id`) WHERE (`location_city_labeled_zones`.`city_id` = 31  AND `location_zone`.`location_type` = 1 ) LIMIT 1; args=(31, 1)
2015:05:26 11:55:56 AM:  (0.000) SELECT (1) AS `a` FROM `location_zone` INNER JOIN `location_city_labeled_zones` ON (`location_zone`.`id` = `location_city_labeled_zones`.`zone_id`) WHERE (`location_city_labeled_zones`.`city_id` = 32  AND `location_zone`.`location_type` = 1 ) LIMIT 1; args=(32, 1)
2015:05:26 11:55:56 AM:  (0.000) SELECT (1) AS `a` FROM `location_zone` INNER JOIN `location_city_labeled_zones` ON (`location_zone`.`id` = `location_city_labeled_zones`.`zone_id`) WHERE (`location_city_labeled_zones`.`city_id` = 33  AND `location_zone`.`location_type` = 1 ) LIMIT 1; args=(33, 1)
2015:05:26 11:55:56 AM:  (0.000) SELECT (1) AS `a` FROM `location_zone` INNER JOIN `location_city_labeled_zones` ON (`location_zone`.`id` = `location_city_labeled_zones`.`zone_id`) WHERE (`location_city_labeled_zones`.`city_id` = 34  AND `location_zone`.`location_type` = 1 ) LIMIT 1; args=(34, 1)
2015:05:26 11:55:56 AM:  (0.000) SELECT (1) AS `a` FROM `location_zone` INNER JOIN `location_city_labeled_zones` ON (`location_zone`.`id` = `location_city_labeled_zones`.`zone_id`) WHERE (`location_city_labeled_zones`.`city_id` = 35  AND `location_zone`.`location_type` = 1 ) LIMIT 1; args=(35, 1)
2015:05:26 11:55:56 AM:  (0.000) SELECT (1) AS `a` FROM `location_zone` INNER JOIN `location_city_labeled_zones` ON (`location_zone`.`id` = `location_city_labeled_zones`.`zone_id`) WHERE (`location_city_labeled_zones`.`city_id` = 36  AND `location_zone`.`location_type` = 1 ) LIMIT 1; args=(36, 1)
2015:05:26 11:55:56 AM:  (0.000) SELECT (1) AS `a` FROM `location_zone` INNER JOIN `location_city_labeled_zones` ON (`location_zone`.`id` = `location_city_labeled_zones`.`zone_id`) WHERE (`location_city_labeled_zones`.`city_id` = 37  AND `location_zone`.`location_type` = 1 ) LIMIT 1; args=(37, 1)
2015:05:26 11:55:56 AM:  (0.000) SELECT (1) AS `a` FROM `location_zone` INNER JOIN `location_city_labeled_zones` ON (`location_zone`.`id` = `location_city_labeled_zones`.`zone_id`) WHERE (`location_city_labeled_zones`.`city_id` = 38  AND `location_zone`.`location_type` = 1 ) LIMIT 1; args=(38, 1)
2015:05:26 11:55:56 AM:  (0.000) SELECT (1) AS `a` FROM `location_zone` INNER JOIN `location_city_labeled_zones` ON (`location_zone`.`id` = `location_city_labeled_zones`.`zone_id`) WHERE (`location_city_labeled_zones`.`city_id` = 39  AND `location_zone`.`location_type` = 1 ) LIMIT 1; args=(39, 1)
2015:05:26 11:55:56 AM:  (0.000) SELECT (1) AS `a` FROM `location_zone` INNER JOIN `location_city_labeled_zones` ON (`location_zone`.`id` = `location_city_labeled_zones`.`zone_id`) WHERE (`location_city_labeled_zones`.`city_id` = 40  AND `location_zone`.`location_type` = 1 ) LIMIT 1; args=(40, 1)
2015:05:26 11:55:56 AM:  (0.000) SELECT (1) AS `a` FROM `location_zone` INNER JOIN `location_city_labeled_zones` ON (`location_zone`.`id` = `location_city_labeled_zones`.`zone_id`) WHERE (`location_city_labeled_zones`.`city_id` = 41  AND `location_zone`.`location_type` = 1 ) LIMIT 1; args=(41, 1)
2015:05:26 11:55:56 AM:  (0.000) SELECT (1) AS `a` FROM `location_zone` INNER JOIN `location_city_labeled_zones` ON (`location_zone`.`id` = `location_city_labeled_zones`.`zone_id`) WHERE (`location_city_labeled_zones`.`city_id` = 42  AND `location_zone`.`location_type` = 1 ) LIMIT 1; args=(42, 1)
2015:05:26 11:55:56 AM:  (0.000) SELECT (1) AS `a` FROM `location_zone` INNER JOIN `location_city_labeled_zones` ON (`location_zone`.`id` = `location_city_labeled_zones`.`zone_id`) WHERE (`location_city_labeled_zones`.`city_id` = 43  AND `location_zone`.`location_type` = 1 ) LIMIT 1; args=(43, 1)
2015:05:26 11:55:56 AM:  (0.000) SELECT (1) AS `a` FROM `location_zone` INNER JOIN `location_city_labeled_zones` ON (`location_zone`.`id` = `location_city_labeled_zones`.`zone_id`) WHERE (`location_city_labeled_zones`.`city_id` = 44  AND `location_zone`.`location_type` = 1 ) LIMIT 1; args=(44, 1)
2015:05:26 11:55:56 AM:  (0.000) SELECT (1) AS `a` FROM `location_zone` INNER JOIN `location_city_labeled_zones` ON (`location_zone`.`id` = `location_city_labeled_zones`.`zone_id`) WHERE (`location_city_labeled_zones`.`city_id` = 45  AND `location_zone`.`location_type` = 1 ) LIMIT 1; args=(45, 1)
2015:05:26 11:55:56 AM:  (0.000) SELECT (1) AS `a` FROM `location_zone` INNER JOIN `location_city_labeled_zones` ON (`location_zone`.`id` = `location_city_labeled_zones`.`zone_id`) WHERE (`location_city_labeled_zones`.`city_id` = 46  AND `location_zone`.`location_type` = 1 ) LIMIT 1; args=(46, 1)
2015:05:26 11:55:56 AM:  (0.000) SELECT (1) AS `a` FROM `location_zone` INNER JOIN `location_city_labeled_zones` ON (`location_zone`.`id` = `location_city_labeled_zones`.`zone_id`) WHERE (`location_city_labeled_zones`.`city_id` = 47  AND `location_zone`.`location_type` = 1 ) LIMIT 1; args=(47, 1)
2015:05:26 11:55:56 AM:  (0.000) SELECT (1) AS `a` FROM `location_zone` INNER JOIN `location_city_labeled_zones` ON (`location_zone`.`id` = `location_city_labeled_zones`.`zone_id`) WHERE (`location_city_labeled_zones`.`city_id` = 48  AND `location_zone`.`location_type` = 1 ) LIMIT 1; args=(48, 1)
2015:05:26 11:55:56 AM:  (0.000) SELECT (1) AS `a` FROM `location_zone` INNER JOIN `location_city_labeled_zones` ON (`location_zone`.`id` = `location_city_labeled_zones`.`zone_id`) WHERE (`location_city_labeled_zones`.`city_id` = 49  AND `location_zone`.`location_type` = 1 ) LIMIT 1; args=(49, 1)
2015:05:26 11:55:56 AM:  (0.000) SELECT (1) AS `a` FROM `location_zone` INNER JOIN `location_city_labeled_zones` ON (`location_zone`.`id` = `location_city_labeled_zones`.`zone_id`) WHERE (`location_city_labeled_zones`.`city_id` = 50  AND `location_zone`.`location_type` = 1 ) LIMIT 1; args=(50, 1)
2015:05:26 11:55:56 AM:  (0.000) SELECT (1) AS `a` FROM `location_zone` INNER JOIN `location_city_labeled_zones` ON (`location_zone`.`id` = `location_city_labeled_zones`.`zone_id`) WHERE (`location_city_labeled_zones`.`city_id` = 51  AND `location_zone`.`location_type` = 1 ) LIMIT 1; args=(51, 1)
2015:05:26 11:55:56 AM:  (0.000) SELECT (1) AS `a` FROM `location_zone` INNER JOIN `location_city_labeled_zones` ON (`location_zone`.`id` = `location_city_labeled_zones`.`zone_id`) WHERE (`location_city_labeled_zones`.`city_id` = 52  AND `location_zone`.`location_type` = 1 ) LIMIT 1; args=(52, 1)
2015:05:26 11:55:56 AM:  (0.000) SELECT (1) AS `a` FROM `location_zone` INNER JOIN `location_city_labeled_zones` ON (`location_zone`.`id` = `location_city_labeled_zones`.`zone_id`) WHERE (`location_city_labeled_zones`.`city_id` = 53  AND `location_zone`.`location_type` = 1 ) LIMIT 1; args=(53, 1)
2015:05:26 11:55:56 AM:  (0.000) SELECT (1) AS `a` FROM `location_zone` INNER JOIN `location_city_labeled_zones` ON (`location_zone`.`id` = `location_city_labeled_zones`.`zone_id`) WHERE (`location_city_labeled_zones`.`city_id` = 54  AND `location_zone`.`location_type` = 1 ) LIMIT 1; args=(54, 1)
2015:05:26 11:55:56 AM:  (0.000) SELECT (1) AS `a` FROM `location_zone` INNER JOIN `location_city_labeled_zones` ON (`location_zone`.`id` = `location_city_labeled_zones`.`zone_id`) WHERE (`location_city_labeled_zones`.`city_id` = 55  AND `location_zone`.`location_type` = 1 ) LIMIT 1; args=(55, 1)
2015:05:26 11:55:56 AM:  (0.000) SELECT (1) AS `a` FROM `location_zone` INNER JOIN `location_city_labeled_zones` ON (`location_zone`.`id` = `location_city_labeled_zones`.`zone_id`) WHERE (`location_city_labeled_zones`.`city_id` = 56  AND `location_zone`.`location_type` = 1 ) LIMIT 1; args=(56, 1)
2015:05:26 11:55:56 AM:  (0.000) SELECT (1) AS `a` FROM `location_zone` INNER JOIN `location_city_labeled_zones` ON (`location_zone`.`id` = `location_city_labeled_zones`.`zone_id`) WHERE (`location_city_labeled_zones`.`city_id` = 57  AND `location_zone`.`location_type` = 1 ) LIMIT 1; args=(57, 1)
2015:05:26 11:55:56 AM:  (0.000) SELECT (1) AS `a` FROM `location_zone` INNER JOIN `location_city_labeled_zones` ON (`location_zone`.`id` = `location_city_labeled_zones`.`zone_id`) WHERE (`location_city_labeled_zones`.`city_id` = 58  AND `location_zone`.`location_type` = 1 ) LIMIT 1; args=(58, 1)
2015:05:26 11:55:56 AM:  (0.000) SELECT (1) AS `a` FROM `location_zone` INNER JOIN `location_city_labeled_zones` ON (`location_zone`.`id` = `location_city_labeled_zones`.`zone_id`) WHERE (`location_city_labeled_zones`.`city_id` = 59  AND `location_zone`.`location_type` = 1 ) LIMIT 1; args=(59, 1)
2015:05:26 11:55:56 AM:  (0.000) SELECT (1) AS `a` FROM `location_zone` INNER JOIN `location_city_labeled_zones` ON (`location_zone`.`id` = `location_city_labeled_zones`.`zone_id`) WHERE (`location_city_labeled_zones`.`city_id` = 60  AND `location_zone`.`location_type` = 1 ) LIMIT 1; args=(60, 1)
2015:05:26 11:55:56 AM:  (0.000) SELECT (1) AS `a` FROM `location_zone` INNER JOIN `location_city_labeled_zones` ON (`location_zone`.`id` = `location_city_labeled_zones`.`zone_id`) WHERE (`location_city_labeled_zones`.`city_id` = 61  AND `location_zone`.`location_type` = 1 ) LIMIT 1; args=(61, 1)
2015:05:26 11:55:56 AM:  (0.000) SELECT (1) AS `a` FROM `location_zone` INNER JOIN `location_city_labeled_zones` ON (`location_zone`.`id` = `location_city_labeled_zones`.`zone_id`) WHERE (`location_city_labeled_zones`.`city_id` = 62  AND `location_zone`.`location_type` = 1 ) LIMIT 1; args=(62, 1)
2015:05:26 11:55:56 AM:  (0.000) SELECT (1) AS `a` FROM `location_zone` INNER JOIN `location_city_labeled_zones` ON (`location_zone`.`id` = `location_city_labeled_zones`.`zone_id`) WHERE (`location_city_labeled_zones`.`city_id` = 63  AND `location_zone`.`location_type` = 1 ) LIMIT 1; args=(63, 1)
2015:05:26 11:55:56 AM:  (0.000) SELECT (1) AS `a` FROM `location_zone` INNER JOIN `location_city_labeled_zones` ON (`location_zone`.`id` = `location_city_labeled_zones`.`zone_id`) WHERE (`location_city_labeled_zones`.`city_id` = 64  AND `location_zone`.`location_type` = 1 ) LIMIT 1; args=(64, 1)
2015:05:26 11:55:56 AM:  (0.000) SELECT (1) AS `a` FROM `location_zone` INNER JOIN `location_city_labeled_zones` ON (`location_zone`.`id` = `location_city_labeled_zones`.`zone_id`) WHERE (`location_city_labeled_zones`.`city_id` = 65  AND `location_zone`.`location_type` = 1 ) LIMIT 1; args=(65, 1)
2015:05:26 11:55:56 AM:  (0.000) SELECT (1) AS `a` FROM `location_zone` INNER JOIN `location_city_labeled_zones` ON (`location_zone`.`id` = `location_city_labeled_zones`.`zone_id`) WHERE (`location_city_labeled_zones`.`city_id` = 66  AND `location_zone`.`location_type` = 1 ) LIMIT 1; args=(66, 1)
2015:05:26 11:55:56 AM:  (0.000) SELECT (1) AS `a` FROM `location_zone` INNER JOIN `location_city_labeled_zones` ON (`location_zone`.`id` = `location_city_labeled_zones`.`zone_id`) WHERE (`location_city_labeled_zones`.`city_id` = 67  AND `location_zone`.`location_type` = 1 ) LIMIT 1; args=(67, 1)
2015:05:26 11:55:56 AM:  (0.000) SELECT (1) AS `a` FROM `location_zone` INNER JOIN `location_city_labeled_zones` ON (`location_zone`.`id` = `location_city_labeled_zones`.`zone_id`) WHERE (`location_city_labeled_zones`.`city_id` = 68  AND `location_zone`.`location_type` = 1 ) LIMIT 1; args=(68, 1)
2015:05:26 11:55:56 AM:  (0.000) SELECT (1) AS `a` FROM `location_zone` INNER JOIN `location_city_labeled_zones` ON (`location_zone`.`id` = `location_city_labeled_zones`.`zone_id`) WHERE (`location_city_labeled_zones`.`city_id` = 69  AND `location_zone`.`location_type` = 1 ) LIMIT 1; args=(69, 1)
2015:05:26 11:55:56 AM:  (0.000) SELECT (1) AS `a` FROM `location_zone` INNER JOIN `location_city_labeled_zones` ON (`location_zone`.`id` = `location_city_labeled_zones`.`zone_id`) WHERE (`location_city_labeled_zones`.`city_id` = 70  AND `location_zone`.`location_type` = 1 ) LIMIT 1; args=(70, 1)
2015:05:26 11:55:56 AM:  (0.000) SELECT (1) AS `a` FROM `location_zone` INNER JOIN `location_city_labeled_zones` ON (`location_zone`.`id` = `location_city_labeled_zones`.`zone_id`) WHERE (`location_city_labeled_zones`.`city_id` = 71  AND `location_zone`.`location_type` = 1 ) LIMIT 1; args=(71, 1)
2015:05:26 11:55:56 AM:  (0.000) SELECT `location_zonelabel`.`id`, `location_zonelabel`.`name` FROM `location_zonelabel` WHERE `location_zonelabel`.`id` = 1 ; args=(1,)
2015:05:26 11:55:56 AM:  (0.000) SELECT `location_zone`.`id`, `location_zone`.`zone_name`, `location_zone`.`zone_shortcode`, `location_zone`.`code`, `location_zone`.`label_id`, `location_zone`.`location_type` FROM `location_zone` WHERE `location_zone`.`label_id` = 1 ; args=(1,)
2015:05:26 11:55:56 AM:  (0.000) SELECT `location_city`.`id`, `location_city`.`city_name`, `location_city`.`city_shortcode`, `location_city`.`state_id`, `location_city`.`zone_id`, `location_city`.`region_id` FROM `location_city` INNER JOIN `location_city_labeled_zones` ON (`location_city`.`id` = `location_city_labeled_zones`.`city_id`) WHERE `location_city_labeled_zones`.`zone_id` = 14 ; args=(14,)
2015:05:26 11:55:56 AM:  (0.000) SELECT `location_city`.`id`, `location_city`.`city_name`, `location_city`.`city_shortcode`, `location_city`.`state_id`, `location_city`.`zone_id`, `location_city`.`region_id` FROM `location_city` INNER JOIN `location_city_labeled_zones` ON (`location_city`.`id` = `location_city_labeled_zones`.`city_id`) WHERE `location_city_labeled_zones`.`zone_id` = 15 ; args=(15,)
2015:05:26 11:55:56 AM:  (0.000) SELECT `location_city`.`id`, `location_city`.`city_name`, `location_city`.`city_shortcode`, `location_city`.`state_id`, `location_city`.`zone_id`, `location_city`.`region_id` FROM `location_city` INNER JOIN `location_city_labeled_zones` ON (`location_city`.`id` = `location_city_labeled_zones`.`city_id`) WHERE `location_city_labeled_zones`.`zone_id` = 16 ; args=(16,)
2015:05:26 11:55:56 AM:  (0.000) SELECT `location_city`.`id`, `location_city`.`city_name`, `location_city`.`city_shortcode`, `location_city`.`state_id`, `location_city`.`zone_id`, `location_city`.`region_id` FROM `location_city` INNER JOIN `location_city_labeled_zones` ON (`location_city`.`id` = `location_city_labeled_zones`.`city_id`) WHERE `location_city_labeled_zones`.`zone_id` = 17 ; args=(17,)
2015:05:26 11:55:56 AM:  (0.000) SELECT `location_city`.`id`, `location_city`.`city_name`, `location_city`.`city_shortcode`, `location_city`.`state_id`, `location_city`.`zone_id`, `location_city`.`region_id` FROM `location_city` INNER JOIN `location_city_labeled_zones` ON (`location_city`.`id` = `location_city_labeled_zones`.`city_id`) WHERE `location_city_labeled_zones`.`zone_id` = 18 ; args=(18,)
2015:05:26 11:55:56 AM:  (0.000) SELECT `location_city`.`id`, `location_city`.`city_name`, `location_city`.`city_shortcode`, `location_city`.`state_id`, `location_city`.`zone_id`, `location_city`.`region_id` FROM `location_city` INNER JOIN `location_city_labeled_zones` ON (`location_city`.`id` = `location_city_labeled_zones`.`city_id`) WHERE `location_city_labeled_zones`.`zone_id` = 19 ; args=(19,)
2015:05:26 11:55:56 AM:  (0.000) SELECT `location_city`.`id`, `location_city`.`city_name`, `location_city`.`city_shortcode`, `location_city`.`state_id`, `location_city`.`zone_id`, `location_city`.`region_id` FROM `location_city` INNER JOIN `location_city_labeled_zones` ON (`location_city`.`id` = `location_city_labeled_zones`.`city_id`) WHERE `location_city_labeled_zones`.`zone_id` = 20 ; args=(20,)
2015:05:26 11:55:56 AM:  (0.000) SELECT `location_city`.`id`, `location_city`.`city_name`, `location_city`.`city_shortcode`, `location_city`.`state_id`, `location_city`.`zone_id`, `location_city`.`region_id` FROM `location_city` INNER JOIN `location_city_labeled_zones` ON (`location_city`.`id` = `location_city_labeled_zones`.`city_id`) WHERE `location_city_labeled_zones`.`zone_id` = 21 ; args=(21,)
2015:05:26 11:55:56 AM:  (0.000) SELECT `location_city`.`id`, `location_city`.`city_name`, `location_city`.`city_shortcode`, `location_city`.`state_id`, `location_city`.`zone_id`, `location_city`.`region_id` FROM `location_city` INNER JOIN `location_city_labeled_zones` ON (`location_city`.`id` = `location_city_labeled_zones`.`city_id`) WHERE `location_city_labeled_zones`.`zone_id` = 22 ; args=(22,)
2015:05:26 11:55:56 AM:  (0.000) SELECT `location_city`.`id`, `location_city`.`city_name`, `location_city`.`city_shortcode`, `location_city`.`state_id`, `location_city`.`zone_id`, `location_city`.`region_id` FROM `location_city` INNER JOIN `location_city_labeled_zones` ON (`location_city`.`id` = `location_city_labeled_zones`.`city_id`) WHERE `location_city_labeled_zones`.`zone_id` = 23 ; args=(23,)
2015:05:26 11:55:56 AM:  (0.000) SELECT `location_city`.`id`, `location_city`.`city_name`, `location_city`.`city_shortcode`, `location_city`.`state_id`, `location_city`.`zone_id`, `location_city`.`region_id` FROM `location_city` INNER JOIN `location_city_labeled_zones` ON (`location_city`.`id` = `location_city_labeled_zones`.`city_id`) WHERE `location_city_labeled_zones`.`zone_id` = 24 ; args=(24,)
2015:05:26 11:55:56 AM:  (0.000) SELECT `location_city`.`id`, `location_city`.`city_name`, `location_city`.`city_shortcode`, `location_city`.`state_id`, `location_city`.`zone_id`, `location_city`.`region_id` FROM `location_city` INNER JOIN `location_city_labeled_zones` ON (`location_city`.`id` = `location_city_labeled_zones`.`city_id`) WHERE `location_city_labeled_zones`.`zone_id` = 25 ; args=(25,)
2015:05:26 11:55:56 AM:  (0.000) SELECT `location_city`.`id`, `location_city`.`city_name`, `location_city`.`city_shortcode`, `location_city`.`state_id`, `location_city`.`zone_id`, `location_city`.`region_id` FROM `location_city` INNER JOIN `location_city_labeled_zones` ON (`location_city`.`id` = `location_city_labeled_zones`.`city_id`) WHERE `location_city_labeled_zones`.`zone_id` = 26 ; args=(26,)
2015:05:26 11:55:56 AM:  (0.000) SELECT `location_city`.`id`, `location_city`.`city_name`, `location_city`.`city_shortcode`, `location_city`.`state_id`, `location_city`.`zone_id`, `location_city`.`region_id` FROM `location_city` INNER JOIN `location_city_labeled_zones` ON (`location_city`.`id` = `location_city_labeled_zones`.`city_id`) WHERE `location_city_labeled_zones`.`zone_id` = 27 ; args=(27,)
2015:05:26 11:55:56 AM:  (0.000) SELECT `location_city`.`id`, `location_city`.`city_name`, `location_city`.`city_shortcode`, `location_city`.`state_id`, `location_city`.`zone_id`, `location_city`.`region_id` FROM `location_city` INNER JOIN `location_city_labeled_zones` ON (`location_city`.`id` = `location_city_labeled_zones`.`city_id`) WHERE `location_city_labeled_zones`.`zone_id` = 28 ; args=(28,)
2015:05:26 11:55:56 AM:  (0.000) SELECT `location_city`.`id`, `location_city`.`city_name`, `location_city`.`city_shortcode`, `location_city`.`state_id`, `location_city`.`zone_id`, `location_city`.`region_id` FROM `location_city` INNER JOIN `location_city_labeled_zones` ON (`location_city`.`id` = `location_city_labeled_zones`.`city_id`) WHERE `location_city_labeled_zones`.`zone_id` = 29 ; args=(29,)
2015:05:26 11:55:56 AM:  (0.000) SELECT `location_city`.`id`, `location_city`.`city_name`, `location_city`.`city_shortcode`, `location_city`.`state_id`, `location_city`.`zone_id`, `location_city`.`region_id` FROM `location_city` INNER JOIN `location_city_labeled_zones` ON (`location_city`.`id` = `location_city_labeled_zones`.`city_id`) WHERE `location_city_labeled_zones`.`zone_id` = 30 ; args=(30,)
2015:05:26 11:55:56 AM:  (0.000) SELECT `location_city`.`id`, `location_city`.`city_name`, `location_city`.`city_shortcode`, `location_city`.`state_id`, `location_city`.`zone_id`, `location_city`.`region_id` FROM `location_city` INNER JOIN `location_city_labeled_zones` ON (`location_city`.`id` = `location_city_labeled_zones`.`city_id`) WHERE `location_city_labeled_zones`.`zone_id` = 31 ; args=(31,)
2015:05:26 11:55:56 AM:  (0.000) SELECT `customer_customer`.`id`, `customer_customer`.`name`, `customer_customer`.`code`, `customer_customer`.`activation_status`, `customer_customer`.`activation_date`, `customer_customer`.`contract_from`, `customer_customer`.`contract_to`, `customer_customer`.`legality_id`, `customer_customer`.`billing_schedule`, `customer_customer`.`day_of_billing`, `customer_customer`.`remittance_cycle`, `customer_customer`.`credit_limit`, `customer_customer`.`activation_by_id`, `customer_customer`.`credit_period`, `customer_customer`.`fuel_surcharge_applicable`, `customer_customer`.`to_pay_charge`, `customer_customer`.`vchc_rate`, `customer_customer`.`vchc_min`, `customer_customer`.`vchc_min_amnt_applied`, `customer_customer`.`return_to_origin`, `customer_customer`.`flat_cod_amt`, `customer_customer`.`demarrage_min_amt`, `customer_customer`.`demarrage_perkg_amt`, `customer_customer`.`created_on`, `customer_customer`.`created_by_id`, `customer_customer`.`updated_on`, `customer_customer`.`updated_by_id`, `customer_customer`.`address_id`, `customer_customer`.`contact_person_id`, `customer_customer`.`decision_maker_id`, `customer_customer`.`pan_number`, `customer_customer`.`tan_number`, `customer_customer`.`website`, `customer_customer`.`email`, `customer_customer`.`saleslead_id`, `customer_customer`.`signed_id`, `customer_customer`.`approved_id`, `customer_customer`.`authorized_id`, `customer_customer`.`bill_delivery_email`, `customer_customer`.`bill_delivery_hand`, `customer_customer`.`invoice_date`, `customer_customer`.`next_bill_date`, `customer_customer`.`reverse_charges`, `customer_customer`.`zone_label_id`, `customer_customer`.`referred_by` FROM `customer_customer` WHERE `customer_customer`.`id` = 6 ; args=(6,)
2015:05:26 11:55:56 AM:  Internal Server Error: /reports/
Traceback (most recent call last):
  File "/usr/local/lib/python2.7/site-packages/django/core/handlers/base.py", line 111, in get_response
    response = callback(request, *callback_args, **callback_kwargs)
  File "/home/web/ecomm.prtouch.com/ecomexpress/reports/views.py", line 169, in reports_dashboard
    return render_to_response("reports/reports-dashboard.html", {'form': form},context_instance=RequestContext(request))
  File "/usr/local/lib/python2.7/site-packages/django/shortcuts/__init__.py", line 20, in render_to_response
    return HttpResponse(loader.render_to_string(*args, **kwargs), **httpresponse_kwargs)
  File "/usr/local/lib/python2.7/site-packages/django/template/loader.py", line 176, in render_to_string
    return t.render(context_instance)
  File "/usr/local/lib/python2.7/site-packages/django/template/base.py", line 140, in render
    return self._render(context)
  File "/usr/local/lib/python2.7/site-packages/django/template/base.py", line 134, in _render
    return self.nodelist.render(context)
  File "/usr/local/lib/python2.7/site-packages/django/template/base.py", line 823, in render
    bit = self.render_node(node, context)
  File "/usr/local/lib/python2.7/site-packages/django/template/debug.py", line 74, in render_node
    return node.render(context)
  File "/usr/local/lib/python2.7/site-packages/django/template/loader_tags.py", line 123, in render
    return compiled_parent._render(context)
  File "/usr/local/lib/python2.7/site-packages/django/template/base.py", line 134, in _render
    return self.nodelist.render(context)
  File "/usr/local/lib/python2.7/site-packages/django/template/base.py", line 823, in render
    bit = self.render_node(node, context)
  File "/usr/local/lib/python2.7/site-packages/django/template/debug.py", line 74, in render_node
    return node.render(context)
  File "/usr/local/lib/python2.7/site-packages/django/template/loader_tags.py", line 62, in render
    result = block.nodelist.render(context)
  File "/usr/local/lib/python2.7/site-packages/django/template/base.py", line 823, in render
    bit = self.render_node(node, context)
  File "/usr/local/lib/python2.7/site-packages/django/template/debug.py", line 74, in render_node
    return node.render(context)
  File "/usr/local/lib/python2.7/site-packages/crispy_forms/templatetags/crispy_forms_tags.py", line 207, in render
    c = self.get_render(context)
  File "/usr/local/lib/python2.7/site-packages/crispy_forms/templatetags/crispy_forms_tags.py", line 119, in get_render
    response_dict = self.get_response_dict(helper, context, is_formset)
  File "/usr/local/lib/python2.7/site-packages/crispy_forms/templatetags/crispy_forms_tags.py", line 153, in get_response_dict
    attrs = helper.get_attributes(template_pack=self.template_pack)
  File "/usr/local/lib/python2.7/site-packages/crispy_forms/helper.py", line 358, in get_attributes
    if self.form_action:
  File "/usr/local/lib/python2.7/site-packages/crispy_forms/helper.py", line 234, in get_form_action
    return reverse(self._form_action)
  File "/usr/local/lib/python2.7/site-packages/django/core/urlresolvers.py", line 476, in reverse
    return iri_to_uri(resolver._reverse_with_prefix(view, prefix, *args, **kwargs))
  File "/usr/local/lib/python2.7/site-packages/django/core/urlresolvers.py", line 363, in _reverse_with_prefix
    possibilities = self.reverse_dict.getlist(lookup_view)
  File "/usr/local/lib/python2.7/site-packages/django/core/urlresolvers.py", line 276, in reverse_dict
    self._populate()
  File "/usr/local/lib/python2.7/site-packages/django/core/urlresolvers.py", line 253, in _populate
    for name in pattern.reverse_dict:
  File "/usr/local/lib/python2.7/site-packages/django/core/urlresolvers.py", line 276, in reverse_dict
    self._populate()
  File "/usr/local/lib/python2.7/site-packages/django/core/urlresolvers.py", line 265, in _populate
    lookups.appendlist(pattern.callback, (bits, p_pattern, pattern.default_args))
  File "/usr/local/lib/python2.7/site-packages/django/core/urlresolvers.py", line 216, in callback
    self._callback = get_callable(self._callback_str)
  File "/usr/local/lib/python2.7/site-packages/django/utils/functional.py", line 27, in wrapper
    result = func(*args)
  File "/usr/local/lib/python2.7/site-packages/django/core/urlresolvers.py", line 101, in get_callable
    (lookup_view, mod_name))
ViewDoesNotExist: Could not import damageshipment.views.recovery_details. View does not exist in module damageshipment.views.
2015:05:26 11:56:41 AM:  (0.001) SELECT `django_session`.`session_key`, `django_session`.`session_data`, `django_session`.`expire_date` FROM `django_session` WHERE (`django_session`.`session_key` = 'abd7301b11d7f8b6f98fa4b0321a2cb8'  AND `django_session`.`expire_date` > '2015-05-26 11:56:41' ); args=('abd7301b11d7f8b6f98fa4b0321a2cb8', u'2015-05-26 11:56:41')
2015:05:26 11:56:41 AM:  (0.000) SELECT `auth_user`.`id`, `auth_user`.`username`, `auth_user`.`first_name`, `auth_user`.`last_name`, `auth_user`.`email`, `auth_user`.`password`, `auth_user`.`is_staff`, `auth_user`.`is_active`, `auth_user`.`is_superuser`, `auth_user`.`last_login`, `auth_user`.`date_joined` FROM `auth_user` WHERE `auth_user`.`id` = 809 ; args=(809,)
2015:05:26 11:56:41 AM:  (0.000) SELECT `authentication_employeemaster`.`id`, `authentication_employeemaster`.`user_id`, `authentication_employeemaster`.`employee_code`, `authentication_employeemaster`.`firstname`, `authentication_employeemaster`.`lastname`, `authentication_employeemaster`.`user_type`, `authentication_employeemaster`.`email`, `authentication_employeemaster`.`address1`, `authentication_employeemaster`.`address2`, `authentication_employeemaster`.`address3`, `authentication_employeemaster`.`service_centre_id`, `authentication_employeemaster`.`base_service_centre_id`, `authentication_employeemaster`.`mobile_no`, `authentication_employeemaster`.`department_id`, `authentication_employeemaster`.`login_active`, `authentication_employeemaster`.`staff_status`, `authentication_employeemaster`.`allow_concurent_login`, `authentication_employeemaster`.`query_limit`, `authentication_employeemaster`.`ebs`, `authentication_employeemaster`.`ebs_customer_id`, `authentication_employeemaster`.`temp_emp_status`, `authentication_employeemaster`.`effective_date`, `authentication_employeemaster`.`temp_days` FROM `authentication_employeemaster` WHERE `authentication_employeemaster`.`user_id` = 809 ; args=(809,)
2015:05:26 11:56:41 AM:  (0.000) SELECT COUNT(*) FROM `service_centre_shipment` INNER JOIN `ecomm_admin_shipmentstatusmaster` ON (`service_centre_shipment`.`reason_code_id` = `ecomm_admin_shipmentstatusmaster`.`id`) WHERE `ecomm_admin_shipmentstatusmaster`.`code` = 888 ; args=(888,)
2015:05:26 11:56:41 AM:  (0.000) SELECT `authentication_department`.`id`, `authentication_department`.`name`, `authentication_department`.`added_on` FROM `authentication_department` WHERE `authentication_department`.`id` = 7 ; args=(7,)
2015:05:26 11:56:41 AM:  (0.000) SELECT `location_servicecenter`.`id`, `location_servicecenter`.`center_name`, `location_servicecenter`.`center_shortcode`, `location_servicecenter`.`address_id`, `location_servicecenter`.`city_id`, `location_servicecenter`.`contact_id`, `location_servicecenter`.`type`, `location_servicecenter`.`processing_center` FROM `location_servicecenter` WHERE `location_servicecenter`.`id` = 97 ; args=(97,)
2015:05:26 11:56:41 AM:  (0.000) SELECT COUNT(*) FROM `service_centre_shipment` LEFT OUTER JOIN `ecomm_admin_shipmentstatusmaster` ON (`service_centre_shipment`.`reason_code_id` = `ecomm_admin_shipmentstatusmaster`.`id`) LEFT OUTER JOIN `damageshipment_shipmentdamagestatus` ON (`service_centre_shipment`.`id` = `damageshipment_shipmentdamagestatus`.`shipment_id`) WHERE (`ecomm_admin_shipmentstatusmaster`.`code` = 888  AND (`damageshipment_shipmentdamagestatus`.`status` = 0  OR `damageshipment_shipmentdamagestatus`.`status` IS NULL)); args=(888, 0)
2015:05:26 11:56:41 AM:  (0.001) SELECT `service_centre_shipment`.`id`, `service_centre_shipment`.`airwaybill_number`, `service_centre_shipment`.`order_number`, `service_centre_shipment`.`shipper_id`, `service_centre_shipment`.`consignee`, `service_centre_shipment`.`pincode`, `service_centre_shipment`.`service_centre_id`, `service_centre_shipment`.`pieces`, `service_centre_shipment`.`collectable_value`, `service_centre_shipment`.`actual_weight`, `service_centre_shipment`.`status_type`, `customer_customer`.`id`, `customer_customer`.`name`, `customer_customer`.`code`, `location_servicecenter`.`id`, `location_servicecenter`.`center_name` FROM `service_centre_shipment` LEFT OUTER JOIN `ecomm_admin_shipmentstatusmaster` ON (`service_centre_shipment`.`reason_code_id` = `ecomm_admin_shipmentstatusmaster`.`id`) LEFT OUTER JOIN `damageshipment_shipmentdamagestatus` ON (`service_centre_shipment`.`id` = `damageshipment_shipmentdamagestatus`.`shipment_id`) LEFT OUTER JOIN `customer_customer` ON (`service_centre_shipment`.`shipper_id` = `customer_customer`.`id`) LEFT OUTER JOIN `location_servicecenter` ON (`service_centre_shipment`.`service_centre_id` = `location_servicecenter`.`id`) WHERE (`ecomm_admin_shipmentstatusmaster`.`code` = 888  AND (`damageshipment_shipmentdamagestatus`.`status` = 0  OR `damageshipment_shipmentdamagestatus`.`status` IS NULL)) LIMIT 50; args=(888, 0)
2015:05:26 11:56:41 AM:  (0.000) SELECT `service_centre_shipment`.`id`, `service_centre_shipment`.`item_description` FROM `service_centre_shipment` WHERE `service_centre_shipment`.`id` = 1247095 ; args=(1247095,)
2015:05:26 11:56:41 AM:  (0.000) SELECT `service_centre_shipment`.`id`, `service_centre_shipment`.`item_description` FROM `service_centre_shipment` WHERE `service_centre_shipment`.`id` = 1296356 ; args=(1296356,)
2015:05:26 11:56:41 AM:  (0.000) SELECT `service_centre_shipment`.`id`, `service_centre_shipment`.`item_description` FROM `service_centre_shipment` WHERE `service_centre_shipment`.`id` = 1297647 ; args=(1297647,)
2015:05:26 11:56:41 AM:  (0.000) SELECT `service_centre_shipment`.`id`, `service_centre_shipment`.`item_description` FROM `service_centre_shipment` WHERE `service_centre_shipment`.`id` = 1297648 ; args=(1297648,)
2015:05:26 11:56:41 AM:  (0.000) SELECT `service_centre_shipment`.`id`, `service_centre_shipment`.`item_description` FROM `service_centre_shipment` WHERE `service_centre_shipment`.`id` = 1297650 ; args=(1297650,)
2015:05:26 11:56:41 AM:  (0.000) SELECT `service_centre_shipment`.`id`, `service_centre_shipment`.`item_description` FROM `service_centre_shipment` WHERE `service_centre_shipment`.`id` = 1297651 ; args=(1297651,)
2015:05:26 11:56:41 AM:  (0.000) SELECT `service_centre_shipment`.`id`, `service_centre_shipment`.`item_description` FROM `service_centre_shipment` WHERE `service_centre_shipment`.`id` = 1297652 ; args=(1297652,)
2015:05:26 11:56:41 AM:  (0.000) SELECT `service_centre_shipment`.`id`, `service_centre_shipment`.`item_description` FROM `service_centre_shipment` WHERE `service_centre_shipment`.`id` = 1298306 ; args=(1298306,)
2015:05:26 11:56:41 AM:  (0.000) SELECT `service_centre_shipment`.`id`, `service_centre_shipment`.`item_description` FROM `service_centre_shipment` WHERE `service_centre_shipment`.`id` = 1376970 ; args=(1376970,)
2015:05:26 11:56:41 AM:  (0.000) SELECT `service_centre_shipment`.`id`, `service_centre_shipment`.`item_description` FROM `service_centre_shipment` WHERE `service_centre_shipment`.`id` = 1377024 ; args=(1377024,)
2015:05:26 11:56:42 AM:  (0.000) SELECT `service_centre_shipment`.`id`, `service_centre_shipment`.`item_description` FROM `service_centre_shipment` WHERE `service_centre_shipment`.`id` = 1377028 ; args=(1377028,)
2015:05:26 11:56:42 AM:  (0.000) SELECT `service_centre_shipment`.`id`, `service_centre_shipment`.`item_description` FROM `service_centre_shipment` WHERE `service_centre_shipment`.`id` = 1377037 ; args=(1377037,)
2015:05:26 11:56:42 AM:  (0.000) SELECT `service_centre_shipment`.`id`, `service_centre_shipment`.`item_description` FROM `service_centre_shipment` WHERE `service_centre_shipment`.`id` = 1407503 ; args=(1407503,)
2015:05:26 11:56:42 AM:  (0.000) SELECT `service_centre_shipment`.`id`, `service_centre_shipment`.`item_description` FROM `service_centre_shipment` WHERE `service_centre_shipment`.`id` = 1463344 ; args=(1463344,)
2015:05:26 11:56:42 AM:  (0.000) SELECT `service_centre_shipment`.`id`, `service_centre_shipment`.`item_description` FROM `service_centre_shipment` WHERE `service_centre_shipment`.`id` = 1463877 ; args=(1463877,)
2015:05:26 11:56:42 AM:  (0.000) SELECT `service_centre_shipment`.`id`, `service_centre_shipment`.`item_description` FROM `service_centre_shipment` WHERE `service_centre_shipment`.`id` = 1480584 ; args=(1480584,)
2015:05:26 11:56:42 AM:  (0.000) SELECT `service_centre_shipment`.`id`, `service_centre_shipment`.`item_description` FROM `service_centre_shipment` WHERE `service_centre_shipment`.`id` = 1535875 ; args=(1535875,)
2015:05:26 11:56:42 AM:  (0.000) SELECT `service_centre_shipment`.`id`, `service_centre_shipment`.`item_description` FROM `service_centre_shipment` WHERE `service_centre_shipment`.`id` = 1539994 ; args=(1539994,)
2015:05:26 11:56:42 AM:  (0.000) SELECT `service_centre_shipment`.`id`, `service_centre_shipment`.`item_description` FROM `service_centre_shipment` WHERE `service_centre_shipment`.`id` = 2026142 ; args=(2026142,)
2015:05:26 11:56:42 AM:  (0.000) SELECT `service_centre_shipment`.`id`, `service_centre_shipment`.`item_description` FROM `service_centre_shipment` WHERE `service_centre_shipment`.`id` = 2185823 ; args=(2185823,)
2015:05:26 11:56:42 AM:  (0.000) SELECT `service_centre_shipment`.`id`, `service_centre_shipment`.`item_description` FROM `service_centre_shipment` WHERE `service_centre_shipment`.`id` = 2358666 ; args=(2358666,)
2015:05:26 11:56:42 AM:  (0.000) SELECT `service_centre_shipment`.`id`, `service_centre_shipment`.`item_description` FROM `service_centre_shipment` WHERE `service_centre_shipment`.`id` = 2520969 ; args=(2520969,)
2015:05:26 11:56:42 AM:  (0.000) SELECT `service_centre_shipment`.`id`, `service_centre_shipment`.`item_description` FROM `service_centre_shipment` WHERE `service_centre_shipment`.`id` = 2540796 ; args=(2540796,)
2015:05:26 11:56:42 AM:  (0.000) SELECT `service_centre_shipment`.`id`, `service_centre_shipment`.`item_description` FROM `service_centre_shipment` WHERE `service_centre_shipment`.`id` = 2740328 ; args=(2740328,)
2015:05:26 11:56:42 AM:  (0.000) SELECT `service_centre_shipment`.`id`, `service_centre_shipment`.`item_description` FROM `service_centre_shipment` WHERE `service_centre_shipment`.`id` = 2761599 ; args=(2761599,)
2015:05:26 11:56:42 AM:  (0.000) SELECT `service_centre_shipment`.`id`, `service_centre_shipment`.`item_description` FROM `service_centre_shipment` WHERE `service_centre_shipment`.`id` = 2790338 ; args=(2790338,)
2015:05:26 11:56:42 AM:  (0.000) SELECT `service_centre_shipment`.`id`, `service_centre_shipment`.`item_description` FROM `service_centre_shipment` WHERE `service_centre_shipment`.`id` = 2923558 ; args=(2923558,)
2015:05:26 11:56:42 AM:  (0.000) SELECT `service_centre_shipment`.`id`, `service_centre_shipment`.`item_description` FROM `service_centre_shipment` WHERE `service_centre_shipment`.`id` = 2929594 ; args=(2929594,)
2015:05:26 11:56:42 AM:  (0.000) SELECT `service_centre_shipment`.`id`, `service_centre_shipment`.`item_description` FROM `service_centre_shipment` WHERE `service_centre_shipment`.`id` = 2998852 ; args=(2998852,)
2015:05:26 11:56:42 AM:  (0.000) SELECT `service_centre_shipment`.`id`, `service_centre_shipment`.`item_description` FROM `service_centre_shipment` WHERE `service_centre_shipment`.`id` = 3029512 ; args=(3029512,)
2015:05:26 11:56:42 AM:  (0.000) SELECT `service_centre_shipment`.`id`, `service_centre_shipment`.`item_description` FROM `service_centre_shipment` WHERE `service_centre_shipment`.`id` = 3067865 ; args=(3067865,)
2015:05:26 11:56:42 AM:  (0.000) SELECT `service_centre_shipment`.`id`, `service_centre_shipment`.`item_description` FROM `service_centre_shipment` WHERE `service_centre_shipment`.`id` = 3068596 ; args=(3068596,)
2015:05:26 11:56:42 AM:  (0.000) SELECT `service_centre_shipment`.`id`, `service_centre_shipment`.`item_description` FROM `service_centre_shipment` WHERE `service_centre_shipment`.`id` = 3196316 ; args=(3196316,)
2015:05:26 11:56:42 AM:  (0.000) SELECT `service_centre_shipment`.`id`, `service_centre_shipment`.`item_description` FROM `service_centre_shipment` WHERE `service_centre_shipment`.`id` = 3243295 ; args=(3243295,)
2015:05:26 11:56:42 AM:  (0.000) SELECT `service_centre_shipment`.`id`, `service_centre_shipment`.`item_description` FROM `service_centre_shipment` WHERE `service_centre_shipment`.`id` = 3243367 ; args=(3243367,)
2015:05:26 11:56:42 AM:  (0.000) SELECT `service_centre_shipment`.`id`, `service_centre_shipment`.`item_description` FROM `service_centre_shipment` WHERE `service_centre_shipment`.`id` = 3317418 ; args=(3317418,)
2015:05:26 11:56:42 AM:  (0.000) SELECT `service_centre_shipment`.`id`, `service_centre_shipment`.`item_description` FROM `service_centre_shipment` WHERE `service_centre_shipment`.`id` = 3324070 ; args=(3324070,)
2015:05:26 11:56:42 AM:  (0.000) SELECT `service_centre_shipment`.`id`, `service_centre_shipment`.`item_description` FROM `service_centre_shipment` WHERE `service_centre_shipment`.`id` = 3327250 ; args=(3327250,)
2015:05:26 11:56:42 AM:  (0.000) SELECT `service_centre_shipment`.`id`, `service_centre_shipment`.`item_description` FROM `service_centre_shipment` WHERE `service_centre_shipment`.`id` = 3352691 ; args=(3352691,)
2015:05:26 11:56:42 AM:  (0.000) SELECT `service_centre_shipment`.`id`, `service_centre_shipment`.`item_description` FROM `service_centre_shipment` WHERE `service_centre_shipment`.`id` = 3363888 ; args=(3363888,)
2015:05:26 11:56:42 AM:  (0.000) SELECT `service_centre_shipment`.`id`, `service_centre_shipment`.`item_description` FROM `service_centre_shipment` WHERE `service_centre_shipment`.`id` = 3379876 ; args=(3379876,)
2015:05:26 11:56:42 AM:  (0.000) SELECT `service_centre_shipment`.`id`, `service_centre_shipment`.`item_description` FROM `service_centre_shipment` WHERE `service_centre_shipment`.`id` = 3390874 ; args=(3390874,)
2015:05:26 11:56:42 AM:  (0.000) SELECT `service_centre_shipment`.`id`, `service_centre_shipment`.`item_description` FROM `service_centre_shipment` WHERE `service_centre_shipment`.`id` = 3397074 ; args=(3397074,)
2015:05:26 11:56:42 AM:  (0.000) SELECT `service_centre_shipment`.`id`, `service_centre_shipment`.`item_description` FROM `service_centre_shipment` WHERE `service_centre_shipment`.`id` = 3398411 ; args=(3398411,)
2015:05:26 11:56:42 AM:  (0.000) SELECT `service_centre_shipment`.`id`, `service_centre_shipment`.`item_description` FROM `service_centre_shipment` WHERE `service_centre_shipment`.`id` = 3407109 ; args=(3407109,)
2015:05:26 11:56:42 AM:  (0.000) SELECT `service_centre_shipment`.`id`, `service_centre_shipment`.`item_description` FROM `service_centre_shipment` WHERE `service_centre_shipment`.`id` = 3428569 ; args=(3428569,)
2015:05:26 11:56:42 AM:  (0.000) SELECT `service_centre_shipment`.`id`, `service_centre_shipment`.`item_description` FROM `service_centre_shipment` WHERE `service_centre_shipment`.`id` = 3439689 ; args=(3439689,)
2015:05:26 11:56:42 AM:  (0.000) SELECT `service_centre_shipment`.`id`, `service_centre_shipment`.`item_description` FROM `service_centre_shipment` WHERE `service_centre_shipment`.`id` = 3452603 ; args=(3452603,)
2015:05:26 11:56:42 AM:  (0.000) SELECT `service_centre_shipment`.`id`, `service_centre_shipment`.`item_description` FROM `service_centre_shipment` WHERE `service_centre_shipment`.`id` = 3454458 ; args=(3454458,)
2015:05:26 11:56:42 AM:  (0.000) SELECT `service_centre_shipment`.`id`, `service_centre_shipment`.`item_description` FROM `service_centre_shipment` WHERE `service_centre_shipment`.`id` = 3456801 ; args=(3456801,)
